<html>
<head>
<title>TestNG:  Login Tests</title>
<link href="../testng.css" rel="stylesheet" type="text/css" />
<link href="../my-testng.css" rel="stylesheet" type="text/css" />

<style type="text/css">
.log { display: none;} 
.stack-trace { display: none;} 
</style>
<script type="text/javascript">
<!--
function flip(e) {
  current = e.style.display;
  if (current == 'block') {
    e.style.display = 'none';
    return 0;
  }
  else {
    e.style.display = 'block';
    return 1;
  }
}

function toggleBox(szDivId, elem, msg1, msg2)
{
  var res = -1;  if (document.getElementById) {
    res = flip(document.getElementById(szDivId));
  }
  else if (document.all) {
    // this is the way old msie versions work
    res = flip(document.all[szDivId]);
  }
  if(elem) {
    if(res == 0) elem.innerHTML = msg1; else elem.innerHTML = msg2;
  }

}

function toggleAllBoxes() {
  if (document.getElementsByTagName) {
    d = document.getElementsByTagName('div');
    for (i = 0; i < d.length; i++) {
      if (d[i].className == 'log') {
        flip(d[i]);
      }
    }
  }
}

// -->
</script>

</head>
<body>
<h2 align='center'>Login Tests</h2><table border='1' align="center">
<tr>
<td>Tests passed/Failed/Skipped:</td><td>21/2/0</td>
</tr><tr>
<td>Started on:</td><td>Fri Oct 18 17:32:06 IST 2024</td>
</tr>
<tr><td>Total time:</td><td>1138 seconds (1138203 ms)</td>
</tr><tr>
<td>Included groups:</td><td></td>
</tr><tr>
<td>Excluded groups:</td><td></td>
</tr>
</table><p/>
<small><i>(Hover the method name to see the test class name)</i></small><p/>
<table width='100%' border='1' class='invocation-failed'>
<tr><td colspan='4' align='center'><b>FAILED TESTS</b></td></tr>
<tr><td><b>Test method</b></td>
<td width="30%"><b>Exception</b></td>
<td width="10%"><b>Time (seconds)</b></td>
<td><b>Instance</b></td>
</tr>
<tr>
<td title='testcases.signuptest.tc8_onlypassword()'><b>tc8_onlypassword</b><br>Test class: testcases.signuptest</td>
<td><div><pre>org.openqa.selenium.TimeoutException: Expected condition failed: waiting for visibility of [[ChromeDriver: chrome on windows (030a93e9f7441079913116f67c8466a9)] -&gt; id: sign-password] (tried for 40 second(s) with 500 milliseconds interval)
Build info: version: &apos;4.25.0&apos;, revision: &apos;8a8aea2337&apos;
System info: os.name: &apos;Windows 10&apos;, os.arch: &apos;amd64&apos;, os.version: &apos;10.0&apos;, java.version: &apos;21.0.4&apos;
Driver info: org.openqa.selenium.chrome.ChromeDriver
Capabilities {acceptInsecureCerts: false, browserName: chrome, browserVersion: 129.0.6668.101, chrome: {chromedriverVersion: 129.0.6668.100 (cf58cba358d..., userDataDir: C:\Users\Dell\AppData\Local...}, fedcm:accounts: true, goog:chromeOptions: {debuggerAddress: localhost:65482}, networkConnectionEnabled: false, pageLoadStrategy: normal, platformName: windows, proxy: Proxy(), se:cdp: ws://localhost:65482/devtoo..., se:cdpVersion: 129.0.6668.101, setWindowRect: true, strictFileInteractability: false, timeouts: {implicit: 0, pageLoad: 300000, script: 30000}, unhandledPromptBehavior: dismiss and notify, webauthn:extension:credBlob: true, webauthn:extension:largeBlob: true, webauthn:extension:minPinLength: true, webauthn:extension:prf: true, webauthn:virtualAuthenticators: true}
Session ID: 030a93e9f7441079913116f67c8466a9
	at org.openqa.selenium.support.ui.WebDriverWait.timeoutException(WebDriverWait.java:84)
	at org.openqa.selenium.support.ui.FluentWait.until(FluentWait.java:228)
	at pages.signup.create_password(signup.java:36)
	at testcases.signuptest.tc8_onlypassword(signuptest.java:178)
	at java.base/java.util.ArrayList.forEach(ArrayList.java:1596)
... Removed 25 stack frames</pre></div><a href='#' onClick='toggleBox("stack-trace1985178707", this, "Click to show all stack frames", "Click to hide stack frames")'>Click to show all stack frames</a>
<div class='stack-trace' id='stack-trace1985178707'><pre>org.openqa.selenium.TimeoutException: Expected condition failed: waiting for visibility of [[ChromeDriver: chrome on windows (030a93e9f7441079913116f67c8466a9)] -&gt; id: sign-password] (tried for 40 second(s) with 500 milliseconds interval)
Build info: version: &apos;4.25.0&apos;, revision: &apos;8a8aea2337&apos;
System info: os.name: &apos;Windows 10&apos;, os.arch: &apos;amd64&apos;, os.version: &apos;10.0&apos;, java.version: &apos;21.0.4&apos;
Driver info: org.openqa.selenium.chrome.ChromeDriver
Capabilities {acceptInsecureCerts: false, browserName: chrome, browserVersion: 129.0.6668.101, chrome: {chromedriverVersion: 129.0.6668.100 (cf58cba358d..., userDataDir: C:\Users\Dell\AppData\Local...}, fedcm:accounts: true, goog:chromeOptions: {debuggerAddress: localhost:65482}, networkConnectionEnabled: false, pageLoadStrategy: normal, platformName: windows, proxy: Proxy(), se:cdp: ws://localhost:65482/devtoo..., se:cdpVersion: 129.0.6668.101, setWindowRect: true, strictFileInteractability: false, timeouts: {implicit: 0, pageLoad: 300000, script: 30000}, unhandledPromptBehavior: dismiss and notify, webauthn:extension:credBlob: true, webauthn:extension:largeBlob: true, webauthn:extension:minPinLength: true, webauthn:extension:prf: true, webauthn:virtualAuthenticators: true}
Session ID: 030a93e9f7441079913116f67c8466a9
	at org.openqa.selenium.support.ui.WebDriverWait.timeoutException(WebDriverWait.java:84)
	at org.openqa.selenium.support.ui.FluentWait.until(FluentWait.java:228)
	at pages.signup.create_password(signup.java:36)
	at testcases.signuptest.tc8_onlypassword(signuptest.java:178)
	at java.base/jdk.internal.reflect.DirectMethodHandleAccessor.invoke(DirectMethodHandleAccessor.java:103)
	at java.base/java.lang.reflect.Method.invoke(Method.java:580)
	at org.testng.internal.MethodInvocationHelper.invokeMethod(MethodInvocationHelper.java:133)
	at org.testng.internal.TestInvoker.invokeMethod(TestInvoker.java:598)
	at org.testng.internal.TestInvoker.invokeTestMethod(TestInvoker.java:173)
	at org.testng.internal.MethodRunner.runInSequence(MethodRunner.java:46)
	at org.testng.internal.TestInvoker$MethodInvocationAgent.invoke(TestInvoker.java:824)
	at org.testng.internal.TestInvoker.invokeTestMethods(TestInvoker.java:146)
	at org.testng.internal.TestMethodWorker.invokeTestMethods(TestMethodWorker.java:146)
	at org.testng.internal.TestMethodWorker.run(TestMethodWorker.java:128)
	at java.base/java.util.ArrayList.forEach(ArrayList.java:1596)
	at org.testng.TestRunner.privateRun(TestRunner.java:794)
	at org.testng.TestRunner.run(TestRunner.java:596)
	at org.testng.SuiteRunner.runTest(SuiteRunner.java:377)
	at org.testng.SuiteRunner.runSequentially(SuiteRunner.java:371)
	at org.testng.SuiteRunner.privateRun(SuiteRunner.java:332)
	at org.testng.SuiteRunner.run(SuiteRunner.java:276)
	at org.testng.SuiteRunnerWorker.runSuite(SuiteRunnerWorker.java:53)
	at org.testng.SuiteRunnerWorker.run(SuiteRunnerWorker.java:96)
	at org.testng.TestNG.runSuitesSequentially(TestNG.java:1212)
	at org.testng.TestNG.runSuitesLocally(TestNG.java:1134)
	at org.testng.TestNG.runSuites(TestNG.java:1063)
	at org.testng.TestNG.run(TestNG.java:1031)
	at org.testng.remote.AbstractRemoteTestNG.run(AbstractRemoteTestNG.java:115)
	at org.testng.remote.RemoteTestNG.initAndRun(RemoteTestNG.java:293)
	at org.testng.remote.RemoteTestNG.main(RemoteTestNG.java:91)
</pre></div></td>
<td>40</td>
<td>testcases.signuptest@3a52dba3</td></tr>
<tr>
<td title='testcases.logintest.tc_10_cancellogin()'><b>tc_10_cancellogin</b><br>Test class: testcases.logintest</td>
<td><div><pre>org.openqa.selenium.TimeoutException: Expected condition failed: waiting for visibility of [[ChromeDriver: chrome on windows (25a1f97ec07cf709b194a14a59434df3)] -&gt; xpath: //div//h5[@id=&apos;logInModalLabel&apos;]] (tried for 40 second(s) with 500 milliseconds interval)
Build info: version: &apos;4.25.0&apos;, revision: &apos;8a8aea2337&apos;
System info: os.name: &apos;Windows 10&apos;, os.arch: &apos;amd64&apos;, os.version: &apos;10.0&apos;, java.version: &apos;21.0.4&apos;
Driver info: org.openqa.selenium.chrome.ChromeDriver
Capabilities {acceptInsecureCerts: false, browserName: chrome, browserVersion: 129.0.6668.101, chrome: {chromedriverVersion: 129.0.6668.100 (cf58cba358d..., userDataDir: C:\Users\Dell\AppData\Local...}, fedcm:accounts: true, goog:chromeOptions: {debuggerAddress: localhost:49348}, networkConnectionEnabled: false, pageLoadStrategy: normal, platformName: windows, proxy: Proxy(), se:cdp: ws://localhost:49348/devtoo..., se:cdpVersion: 129.0.6668.101, setWindowRect: true, strictFileInteractability: false, timeouts: {implicit: 0, pageLoad: 300000, script: 30000}, unhandledPromptBehavior: dismiss and notify, webauthn:extension:credBlob: true, webauthn:extension:largeBlob: true, webauthn:extension:minPinLength: true, webauthn:extension:prf: true, webauthn:virtualAuthenticators: true}
Session ID: 25a1f97ec07cf709b194a14a59434df3
	at org.openqa.selenium.support.ui.WebDriverWait.timeoutException(WebDriverWait.java:84)
	at org.openqa.selenium.support.ui.FluentWait.until(FluentWait.java:228)
	at testcases.logintest.tc_10_cancellogin(logintest.java:151)
	at java.base/java.util.ArrayList.forEach(ArrayList.java:1596)
... Removed 25 stack frames</pre></div><a href='#' onClick='toggleBox("stack-trace859456754", this, "Click to show all stack frames", "Click to hide stack frames")'>Click to show all stack frames</a>
<div class='stack-trace' id='stack-trace859456754'><pre>org.openqa.selenium.TimeoutException: Expected condition failed: waiting for visibility of [[ChromeDriver: chrome on windows (25a1f97ec07cf709b194a14a59434df3)] -&gt; xpath: //div//h5[@id=&apos;logInModalLabel&apos;]] (tried for 40 second(s) with 500 milliseconds interval)
Build info: version: &apos;4.25.0&apos;, revision: &apos;8a8aea2337&apos;
System info: os.name: &apos;Windows 10&apos;, os.arch: &apos;amd64&apos;, os.version: &apos;10.0&apos;, java.version: &apos;21.0.4&apos;
Driver info: org.openqa.selenium.chrome.ChromeDriver
Capabilities {acceptInsecureCerts: false, browserName: chrome, browserVersion: 129.0.6668.101, chrome: {chromedriverVersion: 129.0.6668.100 (cf58cba358d..., userDataDir: C:\Users\Dell\AppData\Local...}, fedcm:accounts: true, goog:chromeOptions: {debuggerAddress: localhost:49348}, networkConnectionEnabled: false, pageLoadStrategy: normal, platformName: windows, proxy: Proxy(), se:cdp: ws://localhost:49348/devtoo..., se:cdpVersion: 129.0.6668.101, setWindowRect: true, strictFileInteractability: false, timeouts: {implicit: 0, pageLoad: 300000, script: 30000}, unhandledPromptBehavior: dismiss and notify, webauthn:extension:credBlob: true, webauthn:extension:largeBlob: true, webauthn:extension:minPinLength: true, webauthn:extension:prf: true, webauthn:virtualAuthenticators: true}
Session ID: 25a1f97ec07cf709b194a14a59434df3
	at org.openqa.selenium.support.ui.WebDriverWait.timeoutException(WebDriverWait.java:84)
	at org.openqa.selenium.support.ui.FluentWait.until(FluentWait.java:228)
	at testcases.logintest.tc_10_cancellogin(logintest.java:151)
	at java.base/jdk.internal.reflect.DirectMethodHandleAccessor.invoke(DirectMethodHandleAccessor.java:103)
	at java.base/java.lang.reflect.Method.invoke(Method.java:580)
	at org.testng.internal.MethodInvocationHelper.invokeMethod(MethodInvocationHelper.java:133)
	at org.testng.internal.TestInvoker.invokeMethod(TestInvoker.java:598)
	at org.testng.internal.TestInvoker.invokeTestMethod(TestInvoker.java:173)
	at org.testng.internal.MethodRunner.runInSequence(MethodRunner.java:46)
	at org.testng.internal.TestInvoker$MethodInvocationAgent.invoke(TestInvoker.java:824)
	at org.testng.internal.TestInvoker.invokeTestMethods(TestInvoker.java:146)
	at org.testng.internal.TestMethodWorker.invokeTestMethods(TestMethodWorker.java:146)
	at org.testng.internal.TestMethodWorker.run(TestMethodWorker.java:128)
	at java.base/java.util.ArrayList.forEach(ArrayList.java:1596)
	at org.testng.TestRunner.privateRun(TestRunner.java:794)
	at org.testng.TestRunner.run(TestRunner.java:596)
	at org.testng.SuiteRunner.runTest(SuiteRunner.java:377)
	at org.testng.SuiteRunner.runSequentially(SuiteRunner.java:371)
	at org.testng.SuiteRunner.privateRun(SuiteRunner.java:332)
	at org.testng.SuiteRunner.run(SuiteRunner.java:276)
	at org.testng.SuiteRunnerWorker.runSuite(SuiteRunnerWorker.java:53)
	at org.testng.SuiteRunnerWorker.run(SuiteRunnerWorker.java:96)
	at org.testng.TestNG.runSuitesSequentially(TestNG.java:1212)
	at org.testng.TestNG.runSuitesLocally(TestNG.java:1134)
	at org.testng.TestNG.runSuites(TestNG.java:1063)
	at org.testng.TestNG.run(TestNG.java:1031)
	at org.testng.remote.AbstractRemoteTestNG.run(AbstractRemoteTestNG.java:115)
	at org.testng.remote.RemoteTestNG.initAndRun(RemoteTestNG.java:293)
	at org.testng.remote.RemoteTestNG.main(RemoteTestNG.java:91)
</pre></div></td>
<td>46</td>
<td>testcases.logintest@c0c2f8d</td></tr>
</table><p>
<table width='100%' border='1' class='invocation-passed'>
<tr><td colspan='4' align='center'><b>PASSED TESTS</b></td></tr>
<tr><td><b>Test method</b></td>
<td width="30%"><b>Exception</b></td>
<td width="10%"><b>Time (seconds)</b></td>
<td><b>Instance</b></td>
</tr>
<tr>
<td title='testcases.logintest.tc2_login_password_label()'><b>tc2_login_password_label</b><br>Test class: testcases.logintest</td>
<td></td>
<td>0</td>
<td>testcases.logintest@c0c2f8d</td></tr>
<tr>
<td title='testcases.logintest.tc7_invalidpassword()'><b>tc7_invalidpassword</b><br>Test class: testcases.logintest</td>
<td></td>
<td>11</td>
<td>testcases.logintest@c0c2f8d</td></tr>
<tr>
<td title='testcases.signuptest.tc10_closepopup()'><b>tc10_closepopup</b><br>Test class: testcases.signuptest</td>
<td></td>
<td>0</td>
<td>testcases.signuptest@3a52dba3</td></tr>
<tr>
<td title='testcases.logintest.tc_11_passwordencryption()'><b>tc_11_passwordencryption</b><br>Test class: testcases.logintest</td>
<td></td>
<td>0</td>
<td>testcases.logintest@c0c2f8d</td></tr>
<tr>
<td title='testcases.signuptest.tc5_signup()'><b>tc5_signup</b><br>Test class: testcases.signuptest</td>
<td></td>
<td>1</td>
<td>testcases.signuptest@3a52dba3</td></tr>
<tr>
<td title='testcases.signuptest.tc4_passwordtextfield_display()'><b>tc4_passwordtextfield_display</b><br>Test class: testcases.signuptest</td>
<td></td>
<td>0</td>
<td>testcases.signuptest@3a52dba3</td></tr>
<tr>
<td title='testcases.signuptest.tc7_onlyusername()'><b>tc7_onlyusername</b><br>Test class: testcases.signuptest</td>
<td></td>
<td>0</td>
<td>testcases.signuptest@3a52dba3</td></tr>
<tr>
<td title='testcases.logintest.tc3_login_is_usernamefield_present()'><b>tc3_login_is_usernamefield_present</b><br>Test class: testcases.logintest</td>
<td></td>
<td>0</td>
<td>testcases.logintest@c0c2f8d</td></tr>
<tr>
<td title='testcases.signuptest.tc6_existingsignup()'><b>tc6_existingsignup</b><br>Test class: testcases.signuptest</td>
<td></td>
<td>1</td>
<td>testcases.signuptest@3a52dba3</td></tr>
<tr>
<td title='testcases.logintest.tc8_onlyusernamesubmit()'><b>tc8_onlyusernamesubmit</b><br>Test class: testcases.logintest</td>
<td></td>
<td>5</td>
<td>testcases.logintest@c0c2f8d</td></tr>
<tr>
<td title='testcases.signuptest.tc1_usernamelabel()'><b>tc1_usernamelabel</b><br>Test class: testcases.signuptest</td>
<td></td>
<td>0</td>
<td>testcases.signuptest@3a52dba3</td></tr>
<tr>
<td title='testcases.signuptest.tc9_empty_submit()'><b>tc9_empty_submit</b><br>Test class: testcases.signuptest</td>
<td></td>
<td>0</td>
<td>testcases.signuptest@3a52dba3</td></tr>
<tr>
<td title='testcases.logintest.tc_9_onlypasswordsubmit()'><b>tc_9_onlypasswordsubmit</b><br>Test class: testcases.logintest</td>
<td></td>
<td>5</td>
<td>testcases.logintest@c0c2f8d</td></tr>
<tr>
<td title='testcases.signuptest.tc2_passwordlabel()'><b>tc2_passwordlabel</b><br>Test class: testcases.signuptest</td>
<td></td>
<td>0</td>
<td>testcases.signuptest@3a52dba3</td></tr>
<tr>
<td title='testcases.logintest.tc4_login_is_passwordfield_present()'><b>tc4_login_is_passwordfield_present</b><br>Test class: testcases.logintest</td>
<td></td>
<td>0</td>
<td>testcases.logintest@c0c2f8d</td></tr>
<tr>
<td title='testcases.logintest.tc1_login_username_label()'><b>tc1_login_username_label</b><br>Test class: testcases.logintest</td>
<td></td>
<td>0</td>
<td>testcases.logintest@c0c2f8d</td></tr>
<tr>
<td title='testcases.logintest.tc6_invalidusername()'><b>tc6_invalidusername</b><br>Test class: testcases.logintest</td>
<td></td>
<td>11</td>
<td>testcases.logintest@c0c2f8d</td></tr>
<tr>
<td title='testcases.logintest.tc5_login()'><b>tc5_login</b><br>Test class: testcases.logintest</td>
<td></td>
<td>15</td>
<td>testcases.logintest@c0c2f8d</td></tr>
<tr>
<td title='testcases.signuptest.tc11_numbervalidation()'><b>tc11_numbervalidation</b><br>Test class: testcases.signuptest</td>
<td></td>
<td>1</td>
<td>testcases.signuptest@3a52dba3</td></tr>
<tr>
<td title='testcases.signuptest.tc12_specialcharector_validation()'><b>tc12_specialcharector_validation</b><br>Test class: testcases.signuptest</td>
<td></td>
<td>1</td>
<td>testcases.signuptest@3a52dba3</td></tr>
<tr>
<td title='testcases.signuptest.tc3_usernametextfield_display()'><b>tc3_usernametextfield_display</b><br>Test class: testcases.signuptest</td>
<td></td>
<td>0</td>
<td>testcases.signuptest@3a52dba3</td></tr>
</table><p>
</body>
</html>