<?xml version="1.0" encoding="UTF-8"?>
<!-- Generated by org.testng.reporters.JUnitXMLReporter -->
<testsuite ignored="0" hostname="DESKTOP-7JLL802" failures="2" tests="23" name="Login Tests" time="1138.203" errors="0" timestamp="2024-10-18T17:51:04 IST">
  <testcase classname="testcases.signuptest" name="tc10_closepopup" time="0.712"/>
  <testcase classname="testcases.signuptest" name="tc11_numbervalidation" time="1.903"/>
  <testcase classname="testcases.signuptest" name="tc12_specialcharector_validation" time="1.891"/>
  <testcase classname="testcases.signuptest" name="tc1_usernamelabel" time="0.638"/>
  <testcase classname="testcases.signuptest" name="tc2_passwordlabel" time="0.648"/>
  <testcase classname="testcases.signuptest" name="tc3_usernametextfield_display" time="0.644"/>
  <testcase classname="testcases.signuptest" name="tc4_passwordtextfield_display" time="0.637"/>
  <testcase classname="testcases.signuptest" name="tc5_signup" time="1.908"/>
  <testcase classname="testcases.signuptest" name="tc6_existingsignup" time="1.89"/>
  <testcase classname="testcases.signuptest" name="tc7_onlyusername" time="0.782"/>
  <testcase classname="testcases.signuptest" name="tc8_onlypassword" time="40.516">
    <failure type="org.openqa.selenium.TimeoutException" message="Expected condition failed: waiting for visibility of [[ChromeDriver: chrome on windows (030a93e9f7441079913116f67c8466a9)] -&amp;gt; id: sign-password] (tried for 40 second(s) with 500 milliseconds interval)
Build info: version: &amp;apos;4.25.0&amp;apos;, revision: &amp;apos;8a8aea2337&amp;apos;
System info: os.name: &amp;apos;Windows 10&amp;apos;, os.arch: &amp;apos;amd64&amp;apos;, os.version: &amp;apos;10.0&amp;apos;, java.version: &amp;apos;21.0.4&amp;apos;
Driver info: org.openqa.selenium.chrome.ChromeDriver
Capabilities {acceptInsecureCerts: false, browserName: chrome, browserVersion: 129.0.6668.101, chrome: {chromedriverVersion: 129.0.6668.100 (cf58cba358d..., userDataDir: C:\Users\Dell\AppData\Local...}, fedcm:accounts: true, goog:chromeOptions: {debuggerAddress: localhost:65482}, networkConnectionEnabled: false, pageLoadStrategy: normal, platformName: windows, proxy: Proxy(), se:cdp: ws://localhost:65482/devtoo..., se:cdpVersion: 129.0.6668.101, setWindowRect: true, strictFileInteractability: false, timeouts: {implicit: 0, pageLoad: 300000, script: 30000}, unhandledPromptBehavior: dismiss and notify, webauthn:extension:credBlob: true, webauthn:extension:largeBlob: true, webauthn:extension:minPinLength: true, webauthn:extension:prf: true, webauthn:virtualAuthenticators: true}
Session ID: 030a93e9f7441079913116f67c8466a9">
      <![CDATA[org.openqa.selenium.TimeoutException: Expected condition failed: waiting for visibility of [[ChromeDriver: chrome on windows (030a93e9f7441079913116f67c8466a9)] -> id: sign-password] (tried for 40 second(s) with 500 milliseconds interval)
Build info: version: '4.25.0', revision: '8a8aea2337'
System info: os.name: 'Windows 10', os.arch: 'amd64', os.version: '10.0', java.version: '21.0.4'
Driver info: org.openqa.selenium.chrome.ChromeDriver
Capabilities {acceptInsecureCerts: false, browserName: chrome, browserVersion: 129.0.6668.101, chrome: {chromedriverVersion: 129.0.6668.100 (cf58cba358d..., userDataDir: C:\Users\Dell\AppData\Local...}, fedcm:accounts: true, goog:chromeOptions: {debuggerAddress: localhost:65482}, networkConnectionEnabled: false, pageLoadStrategy: normal, platformName: windows, proxy: Proxy(), se:cdp: ws://localhost:65482/devtoo..., se:cdpVersion: 129.0.6668.101, setWindowRect: true, strictFileInteractability: false, timeouts: {implicit: 0, pageLoad: 300000, script: 30000}, unhandledPromptBehavior: dismiss and notify, webauthn:extension:credBlob: true, webauthn:extension:largeBlob: true, webauthn:extension:minPinLength: true, webauthn:extension:prf: true, webauthn:virtualAuthenticators: true}
Session ID: 030a93e9f7441079913116f67c8466a9
at org.openqa.selenium.support.ui.WebDriverWait.timeoutException(WebDriverWait.java:84)
at org.openqa.selenium.support.ui.FluentWait.until(FluentWait.java:228)
at pages.signup.create_password(signup.java:36)
at testcases.signuptest.tc8_onlypassword(signuptest.java:178)
at java.base/java.util.ArrayList.forEach(ArrayList.java:1596)
... Removed 25 stack frames]]>
    </failure>
  </testcase> <!-- tc8_onlypassword -->
  <testcase classname="testcases.signuptest" name="tc9_empty_submit" time="0.675"/>
  <testcase classname="testcases.logintest" name="tc1_login_username_label" time="0.666"/>
  <testcase classname="testcases.logintest" name="tc2_login_password_label" time="0.666"/>
  <testcase classname="testcases.logintest" name="tc3_login_is_usernamefield_present" time="0.656"/>
  <testcase classname="testcases.logintest" name="tc4_login_is_passwordfield_present" time="0.658"/>
  <testcase classname="testcases.logintest" name="tc5_login" time="15.91"/>
  <testcase classname="testcases.logintest" name="tc6_invalidusername" time="11.953"/>
  <testcase classname="testcases.logintest" name="tc7_invalidpassword" time="11.969"/>
  <testcase classname="testcases.logintest" name="tc8_onlyusernamesubmit" time="5.889"/>
  <testcase classname="testcases.logintest" name="tc_10_cancellogin" time="46.019">
    <failure type="org.openqa.selenium.TimeoutException" message="Expected condition failed: waiting for visibility of [[ChromeDriver: chrome on windows (25a1f97ec07cf709b194a14a59434df3)] -&amp;gt; xpath: //div//h5[@id=&amp;apos;logInModalLabel&amp;apos;]] (tried for 40 second(s) with 500 milliseconds interval)
Build info: version: &amp;apos;4.25.0&amp;apos;, revision: &amp;apos;8a8aea2337&amp;apos;
System info: os.name: &amp;apos;Windows 10&amp;apos;, os.arch: &amp;apos;amd64&amp;apos;, os.version: &amp;apos;10.0&amp;apos;, java.version: &amp;apos;21.0.4&amp;apos;
Driver info: org.openqa.selenium.chrome.ChromeDriver
Capabilities {acceptInsecureCerts: false, browserName: chrome, browserVersion: 129.0.6668.101, chrome: {chromedriverVersion: 129.0.6668.100 (cf58cba358d..., userDataDir: C:\Users\Dell\AppData\Local...}, fedcm:accounts: true, goog:chromeOptions: {debuggerAddress: localhost:49348}, networkConnectionEnabled: false, pageLoadStrategy: normal, platformName: windows, proxy: Proxy(), se:cdp: ws://localhost:49348/devtoo..., se:cdpVersion: 129.0.6668.101, setWindowRect: true, strictFileInteractability: false, timeouts: {implicit: 0, pageLoad: 300000, script: 30000}, unhandledPromptBehavior: dismiss and notify, webauthn:extension:credBlob: true, webauthn:extension:largeBlob: true, webauthn:extension:minPinLength: true, webauthn:extension:prf: true, webauthn:virtualAuthenticators: true}
Session ID: 25a1f97ec07cf709b194a14a59434df3">
      <![CDATA[org.openqa.selenium.TimeoutException: Expected condition failed: waiting for visibility of [[ChromeDriver: chrome on windows (25a1f97ec07cf709b194a14a59434df3)] -> xpath: //div//h5[@id='logInModalLabel']] (tried for 40 second(s) with 500 milliseconds interval)
Build info: version: '4.25.0', revision: '8a8aea2337'
System info: os.name: 'Windows 10', os.arch: 'amd64', os.version: '10.0', java.version: '21.0.4'
Driver info: org.openqa.selenium.chrome.ChromeDriver
Capabilities {acceptInsecureCerts: false, browserName: chrome, browserVersion: 129.0.6668.101, chrome: {chromedriverVersion: 129.0.6668.100 (cf58cba358d..., userDataDir: C:\Users\Dell\AppData\Local...}, fedcm:accounts: true, goog:chromeOptions: {debuggerAddress: localhost:49348}, networkConnectionEnabled: false, pageLoadStrategy: normal, platformName: windows, proxy: Proxy(), se:cdp: ws://localhost:49348/devtoo..., se:cdpVersion: 129.0.6668.101, setWindowRect: true, strictFileInteractability: false, timeouts: {implicit: 0, pageLoad: 300000, script: 30000}, unhandledPromptBehavior: dismiss and notify, webauthn:extension:credBlob: true, webauthn:extension:largeBlob: true, webauthn:extension:minPinLength: true, webauthn:extension:prf: true, webauthn:virtualAuthenticators: true}
Session ID: 25a1f97ec07cf709b194a14a59434df3
at org.openqa.selenium.support.ui.WebDriverWait.timeoutException(WebDriverWait.java:84)
at org.openqa.selenium.support.ui.FluentWait.until(FluentWait.java:228)
at testcases.logintest.tc_10_cancellogin(logintest.java:151)
at java.base/java.util.ArrayList.forEach(ArrayList.java:1596)
... Removed 25 stack frames]]>
    </failure>
  </testcase> <!-- tc_10_cancellogin -->
  <testcase classname="testcases.logintest" name="tc_11_passwordencryption" time="0.725"/>
  <testcase classname="testcases.logintest" name="tc_9_onlypasswordsubmit" time="5.862"/>
</testsuite> <!-- Login Tests -->
