<!DOCTYPE html PUBLIC "-//W3C//DTD XHTML 1.1//EN" "https://www.w3.org/TR/xhtml11/DTD/xhtml11.dtd">
<html xmlns="https://www.w3.org/1999/xhtml">
<head>
<meta http-equiv="content-type" content="text/html; charset=UTF-8"/>
<title>TestNG Report</title>
<style type="text/css">table {margin-bottom:10px;border-collapse:collapse;empty-cells:show}th,td {border:1px solid #009;padding:.25em .5em}th {vertical-align:bottom}td {vertical-align:top}table a {font-weight:bold}.stripe td {background-color: #E6EBF9}.num {text-align:right}.passedodd td {background-color: #3F3}.passedeven td {background-color: #0A0}.skippedodd td {background-color: #DDD}.skippedeven td {background-color: #CCC}.failedodd td,.attn {background-color: #F33}.failedeven td,.stripe .attn {background-color: #D00}.stacktrace {white-space:pre;font-family:monospace}.totop {font-size:85%;text-align:center;border-bottom:2px solid #000}.invisible {display:none}</style>
</head>
<body>
<table>
<tr><th>Test</th><th># Passed</th><th># Skipped</th><th># Retried</th><th># Failed</th><th>Time (ms)</th><th>Included Groups</th><th>Excluded Groups</th></tr>
<tr><th colspan="8">Test Suite</th></tr>
<tr><td><a href="#t0">Login Tests</a></td><td class="num">21</td><td class="num">0</td><td class="num">0</td><td class="num attn">2</td><td class="num">1,138,407</td><td></td><td></td></tr>
</table>
<table id='summary'><thead><tr><th>Class</th><th>Method</th><th>Start</th><th>Time (ms)</th></tr></thead><tbody><tr><th colspan="4">Test Suite</th></tr></tbody><tbody id="t0"><tr><th colspan="4">Login Tests &#8212; failed</th></tr><tr class="failedeven"><td rowspan="1">testcases.logintest</td><td><a href="#m0">tc_10_cancellogin</a></td><td rowspan="1">1729249634006</td><td rowspan="1">45998</td></tr><tr class="failedodd"><td rowspan="1">testcases.signuptest</td><td><a href="#m1">tc8_onlypassword</a></td><td rowspan="1">1729249116614</td><td rowspan="1">40468</td></tr><tr><th colspan="4">Login Tests &#8212; passed</th></tr><tr class="passedeven"><td rowspan="10">testcases.logintest</td><td><a href="#m2">tc1_login_username_label</a></td><td rowspan="1">1729249243136</td><td rowspan="1">654</td></tr><tr class="passedeven"><td><a href="#m3">tc2_login_password_label</a></td><td rowspan="1">1729249286790</td><td rowspan="1">667</td></tr><tr class="passedeven"><td><a href="#m4">tc3_login_is_usernamefield_present</a></td><td rowspan="1">1729249330750</td><td rowspan="1">659</td></tr><tr class="passedeven"><td><a href="#m5">tc4_login_is_passwordfield_present</a></td><td rowspan="1">1729249373883</td><td rowspan="1">646</td></tr><tr class="passedeven"><td><a href="#m6">tc5_login</a></td><td rowspan="1">1729249417125</td><td rowspan="1">15913</td></tr><tr class="passedeven"><td><a href="#m7">tc6_invalidusername</a></td><td rowspan="1">1729249475657</td><td rowspan="1">11938</td></tr><tr class="passedeven"><td><a href="#m8">tc7_invalidpassword</a></td><td rowspan="1">1729249530956</td><td rowspan="1">11937</td></tr><tr class="passedeven"><td><a href="#m9">tc8_onlyusernamesubmit</a></td><td rowspan="1">1729249585526</td><td rowspan="1">5851</td></tr><tr class="passedeven"><td><a href="#m10">tc_11_passwordencryption</a></td><td rowspan="1">1729249722762</td><td rowspan="1">730</td></tr><tr class="passedeven"><td><a href="#m11">tc_9_onlypasswordsubmit</a></td><td rowspan="1">1729249766018</td><td rowspan="1">5891</td></tr><tr class="passedodd"><td rowspan="11">testcases.signuptest</td><td><a href="#m12">tc10_closepopup</a></td><td rowspan="1">1729248677157</td><td rowspan="1">707</td></tr><tr class="passedodd"><td><a href="#m13">tc11_numbervalidation</a></td><td rowspan="1">1729248720520</td><td rowspan="1">1903</td></tr><tr class="passedodd"><td><a href="#m14">tc12_specialcharector_validation</a></td><td rowspan="1">1729248764968</td><td rowspan="1">1890</td></tr><tr class="passedodd"><td><a href="#m15">tc1_usernamelabel</a></td><td rowspan="1">1729248809070</td><td rowspan="1">640</td></tr><tr class="passedodd"><td><a href="#m16">tc2_passwordlabel</a></td><td rowspan="1">1729248852364</td><td rowspan="1">645</td></tr><tr class="passedodd"><td><a href="#m17">tc3_usernametextfield_display</a></td><td rowspan="1">1729248895648</td><td rowspan="1">629</td></tr><tr class="passedodd"><td><a href="#m18">tc4_passwordtextfield_display</a></td><td rowspan="1">1729248939808</td><td rowspan="1">620</td></tr><tr class="passedodd"><td><a href="#m19">tc5_signup</a></td><td rowspan="1">1729248982940</td><td rowspan="1">1926</td></tr><tr class="passedodd"><td><a href="#m20">tc6_existingsignup</a></td><td rowspan="1">1729249028073</td><td rowspan="1">1894</td></tr><tr class="passedodd"><td><a href="#m21">tc7_onlyusername</a></td><td rowspan="1">1729249072559</td><td rowspan="1">777</td></tr><tr class="passedodd"><td><a href="#m22">tc9_empty_submit</a></td><td rowspan="1">1729249199948</td><td rowspan="1">687</td></tr></tbody>
</table>
<h2>Login Tests</h2><h3 id="m0">testcases.logintest#tc_10_cancellogin</h3><table class="result"><tr><th>Exception</th></tr><tr><td><div class="stacktrace">org.openqa.selenium.TimeoutException: Expected condition failed: waiting for visibility of [[ChromeDriver: chrome on windows (5f6284cd9277fa77bc832d7c0f5df3b0)] -&gt; xpath: //div//h5[@id=&apos;logInModalLabel&apos;]] (tried for 40 second(s) with 500 milliseconds interval)
Build info: version: &apos;4.25.0&apos;, revision: &apos;8a8aea2337&apos;
System info: os.name: &apos;Windows 10&apos;, os.arch: &apos;amd64&apos;, os.version: &apos;10.0&apos;, java.version: &apos;21.0.4&apos;
Driver info: org.openqa.selenium.chrome.ChromeDriver
Capabilities {acceptInsecureCerts: false, browserName: chrome, browserVersion: 129.0.6668.101, chrome: {chromedriverVersion: 129.0.6668.100 (cf58cba358d..., userDataDir: C:\Users\Dell\AppData\Local...}, fedcm:accounts: true, goog:chromeOptions: {debuggerAddress: localhost:64956}, networkConnectionEnabled: false, pageLoadStrategy: normal, platformName: windows, proxy: Proxy(), se:cdp: ws://localhost:64956/devtoo..., se:cdpVersion: 129.0.6668.101, setWindowRect: true, strictFileInteractability: false, timeouts: {implicit: 0, pageLoad: 300000, script: 30000}, unhandledPromptBehavior: dismiss and notify, webauthn:extension:credBlob: true, webauthn:extension:largeBlob: true, webauthn:extension:minPinLength: true, webauthn:extension:prf: true, webauthn:virtualAuthenticators: true}
Session ID: 5f6284cd9277fa77bc832d7c0f5df3b0
	at org.openqa.selenium.support.ui.WebDriverWait.timeoutException(WebDriverWait.java:84)
	at org.openqa.selenium.support.ui.FluentWait.until(FluentWait.java:228)
	at testcases.logintest.tc_10_cancellogin(logintest.java:151)
	at java.base/java.util.ArrayList.forEach(ArrayList.java:1596)
... Removed 25 stack frames</div></td></tr></table><p class="totop"><a href="#summary">back to summary</a></p>
<h3 id="m1">testcases.signuptest#tc8_onlypassword</h3><table class="result"><tr><th>Exception</th></tr><tr><td><div class="stacktrace">org.openqa.selenium.TimeoutException: Expected condition failed: waiting for visibility of [[ChromeDriver: chrome on windows (6da10f6c2ceebc541e7d2c92a727c028)] -&gt; id: sign-password] (tried for 40 second(s) with 500 milliseconds interval)
Build info: version: &apos;4.25.0&apos;, revision: &apos;8a8aea2337&apos;
System info: os.name: &apos;Windows 10&apos;, os.arch: &apos;amd64&apos;, os.version: &apos;10.0&apos;, java.version: &apos;21.0.4&apos;
Driver info: org.openqa.selenium.chrome.ChromeDriver
Capabilities {acceptInsecureCerts: false, browserName: chrome, browserVersion: 129.0.6668.101, chrome: {chromedriverVersion: 129.0.6668.100 (cf58cba358d..., userDataDir: C:\Users\Dell\AppData\Local...}, fedcm:accounts: true, goog:chromeOptions: {debuggerAddress: localhost:64711}, networkConnectionEnabled: false, pageLoadStrategy: normal, platformName: windows, proxy: Proxy(), se:cdp: ws://localhost:64711/devtoo..., se:cdpVersion: 129.0.6668.101, setWindowRect: true, strictFileInteractability: false, timeouts: {implicit: 0, pageLoad: 300000, script: 30000}, unhandledPromptBehavior: dismiss and notify, webauthn:extension:credBlob: true, webauthn:extension:largeBlob: true, webauthn:extension:minPinLength: true, webauthn:extension:prf: true, webauthn:virtualAuthenticators: true}
Session ID: 6da10f6c2ceebc541e7d2c92a727c028
	at org.openqa.selenium.support.ui.WebDriverWait.timeoutException(WebDriverWait.java:84)
	at org.openqa.selenium.support.ui.FluentWait.until(FluentWait.java:228)
	at pages.signup.create_password(signup.java:36)
	at testcases.signuptest.tc8_onlypassword(signuptest.java:178)
	at java.base/java.util.ArrayList.forEach(ArrayList.java:1596)
... Removed 25 stack frames</div></td></tr></table><p class="totop"><a href="#summary">back to summary</a></p>
<h3 id="m2">testcases.logintest#tc1_login_username_label</h3><table class="result"><tr><th class="invisible"/></tr></table><p class="totop"><a href="#summary">back to summary</a></p>
<h3 id="m3">testcases.logintest#tc2_login_password_label</h3><table class="result"><tr><th class="invisible"/></tr></table><p class="totop"><a href="#summary">back to summary</a></p>
<h3 id="m4">testcases.logintest#tc3_login_is_usernamefield_present</h3><table class="result"><tr><th class="invisible"/></tr></table><p class="totop"><a href="#summary">back to summary</a></p>
<h3 id="m5">testcases.logintest#tc4_login_is_passwordfield_present</h3><table class="result"><tr><th class="invisible"/></tr></table><p class="totop"><a href="#summary">back to summary</a></p>
<h3 id="m6">testcases.logintest#tc5_login</h3><table class="result"><tr><th class="invisible"/></tr></table><p class="totop"><a href="#summary">back to summary</a></p>
<h3 id="m7">testcases.logintest#tc6_invalidusername</h3><table class="result"><tr><th class="invisible"/></tr></table><p class="totop"><a href="#summary">back to summary</a></p>
<h3 id="m8">testcases.logintest#tc7_invalidpassword</h3><table class="result"><tr><th class="invisible"/></tr></table><p class="totop"><a href="#summary">back to summary</a></p>
<h3 id="m9">testcases.logintest#tc8_onlyusernamesubmit</h3><table class="result"><tr><th class="invisible"/></tr></table><p class="totop"><a href="#summary">back to summary</a></p>
<h3 id="m10">testcases.logintest#tc_11_passwordencryption</h3><table class="result"><tr><th class="invisible"/></tr></table><p class="totop"><a href="#summary">back to summary</a></p>
<h3 id="m11">testcases.logintest#tc_9_onlypasswordsubmit</h3><table class="result"><tr><th class="invisible"/></tr></table><p class="totop"><a href="#summary">back to summary</a></p>
<h3 id="m12">testcases.signuptest#tc10_closepopup</h3><table class="result"><tr><th class="invisible"/></tr></table><p class="totop"><a href="#summary">back to summary</a></p>
<h3 id="m13">testcases.signuptest#tc11_numbervalidation</h3><table class="result"><tr><th class="invisible"/></tr></table><p class="totop"><a href="#summary">back to summary</a></p>
<h3 id="m14">testcases.signuptest#tc12_specialcharector_validation</h3><table class="result"><tr><th class="invisible"/></tr></table><p class="totop"><a href="#summary">back to summary</a></p>
<h3 id="m15">testcases.signuptest#tc1_usernamelabel</h3><table class="result"><tr><th class="invisible"/></tr></table><p class="totop"><a href="#summary">back to summary</a></p>
<h3 id="m16">testcases.signuptest#tc2_passwordlabel</h3><table class="result"><tr><th class="invisible"/></tr></table><p class="totop"><a href="#summary">back to summary</a></p>
<h3 id="m17">testcases.signuptest#tc3_usernametextfield_display</h3><table class="result"><tr><th class="invisible"/></tr></table><p class="totop"><a href="#summary">back to summary</a></p>
<h3 id="m18">testcases.signuptest#tc4_passwordtextfield_display</h3><table class="result"><tr><th class="invisible"/></tr></table><p class="totop"><a href="#summary">back to summary</a></p>
<h3 id="m19">testcases.signuptest#tc5_signup</h3><table class="result"><tr><th class="invisible"/></tr></table><p class="totop"><a href="#summary">back to summary</a></p>
<h3 id="m20">testcases.signuptest#tc6_existingsignup</h3><table class="result"><tr><th class="invisible"/></tr></table><p class="totop"><a href="#summary">back to summary</a></p>
<h3 id="m21">testcases.signuptest#tc7_onlyusername</h3><table class="result"><tr><th class="invisible"/></tr></table><p class="totop"><a href="#summary">back to summary</a></p>
<h3 id="m22">testcases.signuptest#tc9_empty_submit</h3><table class="result"><tr><th class="invisible"/></tr></table><p class="totop"><a href="#summary">back to summary</a></p>
</body>
</html>
